<?xml version="1.0" encoding="UTF-8"?>
<!-- Generated by org.testng.reporters.JUnitReportReporter -->
<testsuite hostname="harsh-Inspiron-3576" failures="0" tests="2" name="MainTest" time="0.004" errors="0" timestamp="2024-02-13T13:59:42 IST" skipped="0">
  <testcase classname="MainTest" name="SecondTest" time="0.000"/>
  <system-out/>
  <testcase classname="MainTest" name="FirstTest" time="0.004"/>
  <system-out/>
</testsuite> <!-- MainTest -->
